#Run  | kymin     1  /Eigenvalue1            
0001  | 1.000000e-02 |  0.0060  0.0200
0002  | 2.000000e-02 |  0.0110  0.0390
0003  | 3.000000e-02 |  0.0170  0.0590
0004  | 4.000000e-02 |  0.0240  0.0790
0005  | 5.000000e-02 |  0.0310  0.1000
0006  | 6.000000e-02 |  0.0400  0.1220
0007  | 7.000000e-02 |  0.0490  0.1450
0008  | 8.000000e-02 |  0.0600  0.1690
0009  | 9.000000e-02 |  0.0720  0.1940
0010  | 1.000000e-01 |  0.0840  0.2190
0011  | 1.100000e-01 |  0.0980  0.2450
0012  | 1.200000e-01 |  0.1110  0.2720
0013  | 1.300000e-01 |  0.1250  0.2980
0014  | 1.400000e-01 |  0.1390  0.3260
0015  | 1.500000e-01 |  0.1520  0.3530
0016  | 1.600000e-01 |  0.1650  0.3810
0017  | 1.700000e-01 |  0.1770  0.4090
0018  | 1.800000e-01 |  0.1890  0.4380
0019  | 1.900000e-01 |  0.2000  0.4670
0020  | 2.000000e-01 |  0.2100  0.4960
0021  | 2.100000e-01 |  0.2190  0.5260
0022  | 2.200000e-01 |  0.2270  0.5550
0023  | 2.300000e-01 |  0.2350  0.5850
0024  | 2.400000e-01 |  0.2420  0.6150
0025  | 2.500000e-01 |  0.2480  0.6440
0026  | 2.600000e-01 |  0.2530  0.6740
0027  | 2.700000e-01 |  0.2570  0.7030
0028  | 2.800000e-01 |  0.2600  0.7320
0029  | 2.900000e-01 |  0.2620  0.7610
0030  | 3.000000e-01 |  0.2640  0.7900
0031  | 3.100000e-01 |  0.2640  0.8180
0032  | 3.200000e-01 |  0.2640  0.8460
0033  | 3.300000e-01 |  0.2620  0.8750
0034  | 3.400000e-01 |  0.2600  0.9020
0035  | 3.500000e-01 |  0.2580  0.9300
0036  | 3.600000e-01 |  0.2540  0.9570
0037  | 3.700000e-01 |  0.2500  0.9830
0038  | 3.800000e-01 |  0.2450  1.0100
0039  | 3.900000e-01 |  0.2390  1.0360
0040  | 4.000000e-01 |  0.2320  1.0620
0041  | 4.100000e-01 |  0.2250  1.0870
0042  | 4.200000e-01 |  0.2170  1.1120
0043  | 4.300000e-01 |  0.2090  1.1370
0044  | 4.400000e-01 |  0.2000  1.1610
0045  | 4.500000e-01 |  0.1900  1.1850
0046  | 4.600000e-01 |  0.1790  1.2080
0047  | 4.700000e-01 |  0.1680  1.2320
0048  | 4.800000e-01 |  0.1560  1.2550
0049  | 4.900000e-01 |  0.1430  1.2780
0050  | 5.000000e-01 |  0.1300  1.3010
0051  | 5.100000e-01 |  0.1150  1.3230
0052  | 5.200000e-01 |  0.0990  1.3460
0053  | 5.300000e-01 |  0.0820  1.3680
0054  | 5.400000e-01 |  0.0630  1.3910
0055  | 5.500000e-01 |  0.0420  1.4140
